{
  "RSpec": {
    "coverage": {
      "/Users/aimeeknight/Desktop/NSS-Ruby/blogament/app/models/blogament/post.rb": [
        1,
        1,
        1,
        1,
        null,
        1,
        1,
        null,
        null
      ],
      "/Users/aimeeknight/Desktop/NSS-Ruby/blogament/app/uploaders/blogament/image_uploader.rb": [
        null,
        1,
        1,
        null,
        null,
        null,
        1,
        null,
        null,
        null,
        null,
        null,
        null,
        1,
        1,
        null,
        null,
        null,
        1,
        6,
        null,
        null,
        null,
        null,
        null,
        null,
        null,
        null,
        null,
        null,
        null,
        null,
        null,
        null,
        null,
        null,
        null,
        null,
        null,
        1,
        1,
        null,
        null,
        1,
        1,
        null,
        null,
        null,
        null,
        1,
        12,
        null,
        null,
        null,
        null,
        null,
        null,
        null,
        null,
        null,
        null
      ],
      "/Users/aimeeknight/Desktop/NSS-Ruby/blogament/app/models/blogament/comment.rb": [
        1,
        1,
        1,
        null,
        null
      ],
      "/Users/aimeeknight/Desktop/NSS-Ruby/blogament/app/controllers/blogament/application_controller.rb": [
        1,
        1,
        null,
        null
      ],
      "/Users/aimeeknight/Desktop/NSS-Ruby/blogament/app/helpers/blogament/application_helper.rb": [
        1,
        1,
        null,
        null
      ],
      "/Users/aimeeknight/Desktop/NSS-Ruby/blogament/app/helpers/blogament/comments_helper.rb": [
        1,
        1,
        null,
        null
      ],
      "/Users/aimeeknight/Desktop/NSS-Ruby/blogament/app/helpers/blogament/posts_helper.rb": [
        1,
        1,
        null,
        null
      ],
      "/Users/aimeeknight/Desktop/NSS-Ruby/blogament/app/controllers/blogament/posts_controller.rb": [
        1,
        1,
        1,
        1,
        1,
        null,
        null,
        1,
        16,
        0,
        null,
        16,
        null,
        null,
        null,
        null,
        1,
        null,
        null,
        null,
        1,
        3,
        null,
        null,
        null,
        1,
        null,
        null,
        null,
        1,
        3,
        3,
        null,
        3,
        3,
        3,
        null,
        0,
        null,
        null,
        null,
        null,
        1,
        1,
        1,
        1,
        null,
        0,
        null,
        null,
        null,
        null,
        1,
        0,
        0,
        0,
        null,
        null,
        1,
        1,
        null,
        5,
        null,
        null,
        1,
        2,
        2,
        null,
        null,
        null,
        1,
        16,
        null,
        null,
        null,
        1,
        4,
        null,
        null,
        null
      ],
      "/Users/aimeeknight/Desktop/NSS-Ruby/blogament/app/controllers/blogament/comments_controller.rb": [
        1,
        null,
        1,
        1,
        null,
        1,
        2,
        2,
        2,
        2,
        null,
        null,
        1,
        1,
        2,
        null,
        null,
        null,
        null
      ]
    },
    "timestamp": 1403293130
  }
}
